
Showing logs for build [32mmasky0127-environment-carpetspe-zc9dj-4[0m stage [32mfrom-build-pack[0m and container [32mcredential-initializer[0m
{"level":"info","ts":1606360459.337123,"caller":"creds-init/main.go:44","msg":"Credentials initialized."}

Showing logs for build [32mmasky0127-environment-carpetspe-zc9dj-4[0m stage [32mfrom-build-pack[0m and container [32mworking-dir-initializer[0m

Showing logs for build [32mmasky0127-environment-carpetspe-zc9dj-4[0m stage [32mfrom-build-pack[0m and container [32mplace-tools[0m

Showing logs for build [32mmasky0127-environment-carpetspe-zc9dj-4[0m stage [32mfrom-build-pack[0m and container [32mstep-git-source-masky0127-environment-carpetspe-zc9dj-bd5w6[0m
{"level":"info","ts":1606360468.5565522,"caller":"git/git.go:105","msg":"Successfully cloned https://github.com/*****0127/environment-carpetspeckle-production.git @ v0.0.4 in path /workspace/source"}
{"level":"warn","ts":1606360468.5566208,"caller":"git/git.go:152","msg":"Unexpected error: creating symlink: symlink /tekton/home/.ssh /root/.ssh: file exists"}
{"level":"info","ts":1606360468.599345,"caller":"git/git.go:133","msg":"Successfully initialized and updated submodules in path /workspace/source"}

Showing logs for build [32mmasky0127-environment-carpetspe-zc9dj-4[0m stage [32mfrom-build-pack[0m and container [32mstep-setup-builder-home[0m

Showing logs for build [32mmasky0127-environment-carpetspe-zc9dj-4[0m stage [32mfrom-build-pack[0m and container [32mstep-git-merge[0m
Using SHAs from PULL_REFS=master:2c4596b62da2f110cc5df8cc626268ed48964b93
WARNING: no SHAs to merge, falling back to initial cloned commit

Showing logs for build [32mmasky0127-environment-carpetspe-zc9dj-4[0m stage [32mfrom-build-pack[0m and container [32mstep-setup-jx-git-credentials[0m
Generated Git credentials file /tekton/home/git/credentials

Showing logs for build [32mmasky0127-environment-carpetspe-zc9dj-4[0m stage [32mfrom-build-pack[0m and container [32mstep-build-helm-apply[0m
Modified file /workspace/source/env/Chart.yaml to set the chart to version 4
creating the lock configmap **-lock-**-production
lock configmap **-lock-**-production created
Cloning the Jenkins X versions repo https://github.com/jenkins-x/jenkins-x-versions.git with ref refs/heads/master to /tekton/home/.**/jenkins-x-versions
Ignoring templates/.gitignore
Ignoring templates/wildcardcert-secret.yaml
WARNING: No $CHART_REPOSITORY defined so using the default value of: http://jenkins-x-chartmuseum:8080
Adding missing Helm repo: storage.googleapis.com https://storage.googleapis.com/chartmuseum.jenkins-x.io
Successfully added Helm repository storage.googleapis.com.
Adding missing Helm repo: jenkins-x-chartmuseum http://jenkins-x-chartmuseum:8080
Successfully added Helm repository jenkins-x-chartmuseum.
WARNING: No $CHART_REPOSITORY defined so using the default value of: http://jenkins-x-chartmuseum:8080
Adding missing Helm repo: chartmuseum.jenkins-x.io http://chartmuseum.jenkins-x.io
Successfully added Helm repository chartmuseum.jenkins-x.io.

release.jenkins.io "jenkinsxquick-0.0.9" deleted
cleaning the lock configmap **-lock-**-production
