
Showing logs for build [32mmasky0127-environment-carpetspe-8n799-1[0m stage [32mfrom-build-pack[0m and container [32mcredential-initializer[0m
{"level":"info","ts":1606136659.986861,"caller":"creds-init/main.go:44","msg":"Credentials initialized."}

Showing logs for build [32mmasky0127-environment-carpetspe-8n799-1[0m stage [32mfrom-build-pack[0m and container [32mworking-dir-initializer[0m

Showing logs for build [32mmasky0127-environment-carpetspe-8n799-1[0m stage [32mfrom-build-pack[0m and container [32mplace-tools[0m

Showing logs for build [32mmasky0127-environment-carpetspe-8n799-1[0m stage [32mfrom-build-pack[0m and container [32mstep-git-source-masky0127-environment-carpetspe-8n799-trzkd[0m
{"level":"info","ts":1606136669.5886092,"caller":"git/git.go:105","msg":"Successfully cloned https://github.com/*****0127/environment-carpetspeckle-production.git @ master in path /workspace/source"}
{"level":"warn","ts":1606136669.588875,"caller":"git/git.go:152","msg":"Unexpected error: creating symlink: symlink /tekton/home/.ssh /root/.ssh: file exists"}
{"level":"info","ts":1606136669.6272073,"caller":"git/git.go:133","msg":"Successfully initialized and updated submodules in path /workspace/source"}

Showing logs for build [32mmasky0127-environment-carpetspe-8n799-1[0m stage [32mfrom-build-pack[0m and container [32mstep-setup-builder-home[0m

Showing logs for build [32mmasky0127-environment-carpetspe-8n799-1[0m stage [32mfrom-build-pack[0m and container [32mstep-git-merge[0m
Using SHAs from PULL_REFS=master:f6bc552036b13e19267d44844b000116cd331ee4,2:edc28cf7bbcdd56a40e6ff6e1325c58fb4e9da23
DEBUG: LC_ALL=C JX_LOG_LEVEL=error git fetch origin --unshallow edc28cf7bbcdd56a40e6ff6e1325c58fb4e9da23: f6bc552036b13e19267d44844b000116cd331ee4:
DEBUG: ran git fetch --unshallow origin edc28cf7bbcdd56a40e6ff6e1325c58fb4e9da23: f6bc552036b13e19267d44844b000116cd331ee4: in 
DEBUG: LC_ALL=C JX_LOG_LEVEL=error git branch
DEBUG: LC_ALL=C JX_LOG_LEVEL=error git checkout master
DEBUG: ran git checkout master in 
DEBUG: LC_ALL=C JX_LOG_LEVEL=error git reset --hard f6bc552036b13e19267d44844b000116cd331ee4
DEBUG: ran git reset --hard f6bc552036b13e19267d44844b000116cd331ee4 in 
DEBUG: LC_ALL=C JX_LOG_LEVEL=error git clean -fd .
DEBUG: ran clean --force -d . in 
DEBUG: LC_ALL=C JX_LOG_LEVEL=error git merge edc28cf7bbcdd56a40e6ff6e1325c58fb4e9da23
DEBUG: ran git merge edc28cf7bbcdd56a40e6ff6e1325c58fb4e9da23 in 
DEBUG: LC_ALL=C JX_LOG_LEVEL=error git log --format=%H%x1f%an%x1f%ae%x1f%cn%x1f%ce%x1f%s%n%b%x1e f6bc552036b13e19267d44844b000116cd331ee4..HEAD
Merged SHA edc28cf7bbcdd56a40e6ff6e1325c58fb4e9da23 with commit message 'chore: Promote jenkinsxquick to version 0.0.7' into base branch master

Showing logs for build [32mmasky0127-environment-carpetspe-8n799-1[0m stage [32mfrom-build-pack[0m and container [32mstep-build-helm-build[0m
WARNING: No $CHART_REPOSITORY defined so using the default value of: http://jenkins-x-chartmuseum:8080
Adding missing Helm repo: storage.googleapis.com https://storage.googleapis.com/chartmuseum.jenkins-x.io
Successfully added Helm repository storage.googleapis.com.
Adding missing Helm repo: jenkins-x-chartmuseum http://jenkins-x-chartmuseum:8080
Successfully added Helm repository jenkins-x-chartmuseum.
WARNING: No $CHART_REPOSITORY defined so using the default value of: http://jenkins-x-chartmuseum:8080
Adding missing Helm repo: chartmuseum.jenkins-x.io http://chartmuseum.jenkins-x.io
Successfully added Helm repository chartmuseum.jenkins-x.io.
