
Showing logs for build [32mmasky0127-environment-carpetspe-njlvg-1[0m stage [32mfrom-build-pack[0m and container [32mcredential-initializer[0m
{"level":"info","ts":1605180930.1359735,"caller":"creds-init/main.go:44","msg":"Credentials initialized."}

Showing logs for build [32mmasky0127-environment-carpetspe-njlvg-1[0m stage [32mfrom-build-pack[0m and container [32mworking-dir-initializer[0m

Showing logs for build [32mmasky0127-environment-carpetspe-njlvg-1[0m stage [32mfrom-build-pack[0m and container [32mplace-tools[0m

Showing logs for build [32mmasky0127-environment-carpetspe-njlvg-1[0m stage [32mfrom-build-pack[0m and container [32mstep-git-source-masky0127-environment-carpetspe-njlvg-x5ppx[0m
{"level":"info","ts":1605180937.398679,"caller":"git/git.go:105","msg":"Successfully cloned https://github.com/*****0127/environment-carpetspeckle-production.git @ master in path /workspace/source"}
{"level":"warn","ts":1605180937.3987427,"caller":"git/git.go:152","msg":"Unexpected error: creating symlink: symlink /tekton/home/.ssh /root/.ssh: file exists"}
{"level":"info","ts":1605180937.4373174,"caller":"git/git.go:133","msg":"Successfully initialized and updated submodules in path /workspace/source"}

Showing logs for build [32mmasky0127-environment-carpetspe-njlvg-1[0m stage [32mfrom-build-pack[0m and container [32mstep-setup-builder-home[0m

Showing logs for build [32mmasky0127-environment-carpetspe-njlvg-1[0m stage [32mfrom-build-pack[0m and container [32mstep-git-merge[0m
Using SHAs from PULL_REFS=master:aab29db1c5fdf9cd9a54a20d4b2fe5224fd4c1b8,1:87fe1915e7aa21655e6165575326abd50c4a8f45
DEBUG: LC_ALL=C JX_LOG_LEVEL=error git fetch origin --unshallow 87fe1915e7aa21655e6165575326abd50c4a8f45: aab29db1c5fdf9cd9a54a20d4b2fe5224fd4c1b8:
DEBUG: ran git fetch --unshallow origin 87fe1915e7aa21655e6165575326abd50c4a8f45: aab29db1c5fdf9cd9a54a20d4b2fe5224fd4c1b8: in 
DEBUG: LC_ALL=C JX_LOG_LEVEL=error git branch
DEBUG: JX_LOG_LEVEL=error LC_ALL=C git checkout master
DEBUG: ran git checkout master in 
DEBUG: LC_ALL=C JX_LOG_LEVEL=error git reset --hard aab29db1c5fdf9cd9a54a20d4b2fe5224fd4c1b8
DEBUG: ran git reset --hard aab29db1c5fdf9cd9a54a20d4b2fe5224fd4c1b8 in 
DEBUG: LC_ALL=C JX_LOG_LEVEL=error git clean -fd .
DEBUG: ran clean --force -d . in 
DEBUG: LC_ALL=C JX_LOG_LEVEL=error git merge 87fe1915e7aa21655e6165575326abd50c4a8f45
DEBUG: ran git merge 87fe1915e7aa21655e6165575326abd50c4a8f45 in 
DEBUG: LC_ALL=C JX_LOG_LEVEL=error git log --format=%H%x1f%an%x1f%ae%x1f%cn%x1f%ce%x1f%s%n%b%x1e aab29db1c5fdf9cd9a54a20d4b2fe5224fd4c1b8..HEAD
Merged SHA 87fe1915e7aa21655e6165575326abd50c4a8f45 with commit message 'chore: Promote jenkinsxquick to version 0.0.2' into base branch master

Showing logs for build [32mmasky0127-environment-carpetspe-njlvg-1[0m stage [32mfrom-build-pack[0m and container [32mstep-build-helm-build[0m
WARNING: No $CHART_REPOSITORY defined so using the default value of: http://jenkins-x-chartmuseum:8080
Adding missing Helm repo: storage.googleapis.com https://storage.googleapis.com/chartmuseum.jenkins-x.io
Successfully added Helm repository storage.googleapis.com.
Adding missing Helm repo: jenkins-x-chartmuseum http://jenkins-x-chartmuseum:8080
Successfully added Helm repository jenkins-x-chartmuseum.
WARNING: No $CHART_REPOSITORY defined so using the default value of: http://jenkins-x-chartmuseum:8080
Adding missing Helm repo: chartmuseum.jenkins-x.io http://chartmuseum.jenkins-x.io
Successfully added Helm repository chartmuseum.jenkins-x.io.
